756
12105
18560
21081
27453
27453
27453
27453
27453
27453
27453
29559
29559
29559
29559
29559
29559
29559
29559
29569
29569
29569
29569
29569
29569
29569
29569
29569
29569
29569
29569
29569
29654
29654
29654
29654
29654
29654
29975
29975
29975
29975
29975
29975
29975
29975
29975
29975
29975
29975
29975
29975
29975
29975
29975
29975
29975
29975
29975
29975
29975
29975
29975
29975
29975
29975
29975
29975
29975
29975
29975
29975
29975
29975
29975
29975
29975
29975
29975
29975
29975
29975
29975
29890
29890
29890
29890
29890
29890
29890
29890
29890
29890
29890
29890
29890
29890
29890
29890
29890
29890
29890
29890
29890
29890
29890
29890
29890
29890
29890
29890
29890
29890
29890
29890
29890
29890
29890
29890
29890
29890
29890
29890
29890
29890
29890
29890
29890
29890
29890
29890
29890
29890
29890
29890
29890
29890
29890
29890
29890
29890
29890
29890
29890
29890
29890
29890
29890
29890
29890
29890
29890
29890
29890
29890
29890
29890
29890
29890
29890
29890
29890
29890
29890
29890
29890
29890
29890
29890
29890
29890
29890
29890
29890
29890
29890
29890
29890
29890
29890
29890
29890
29890
29890
29890
29890
29890
29890
29890
29890
29890
29890
29890
29890
29890
29890
29890
29890
29890
29890
29890
29890
29890
29890
29890
29890
29890
29890
29890
29890
29890
29890
29890
29890
29890
29890
29890
29890
29890
29890
29890
29890
29890
29890
29890
29890
29890
29890
29890
29890
29890
29890
29890
29890
29890
29890
29890
29890
29890
29890
29890
29890
29890
29890
29890
29890
29890
29890
29890
29890
29890
29890
29890
29890
29880
29880
29880
29880
29880
29880
29880
29880
29880
29880
29880
29880
29880
29880
29880
29880
29880
29880
29880
29880
29880
29880
29880
29880
29880
29880
29880
29880
29880
29880
29880
29880
29880
29880
29880
29880
29880
29880
29880
29880
29880
29880
29880
29880
29880
29880
29880
29880
29880
29880
29672
29672
29672
29672
29672
29672
29672
29672
29672
29672
29672
29672
29672
29672
29672
29634
29634
29634
29634
29634
29634
29634
29634
29634
29623
29623
29623
29623
29623
29623
29623
29623
29623
29623
29623
29623
29623
29623
29623
29623
29623
29623
29623
29623
29623
29623
29623
29623
29623
29623
29623
29623
29623
29623
29623
29623
29623
29623
29623
29623
29623
29623
29623
29623
29623
29623
29623
29623
29623
29623
29623
29623
29623
29623
29623
29623
29623
29623
29623
29623
29623
29623
29561
29561
29561
29561
29561
29561
29561
29561
29746
29746
29746
29746
29746
29746
29746
29746
29746
29746
29746
29746
29746
29746
29746
29746
29746
29746
29746
29746
29746
29746
29746
29746
29746
29746
29746
29746
29746
29746
29746
29746
29746
29746
29746
29746
29746
29746
29746
29746
29746
29746
29746
29746
29746
29746
29746
29746
29731
29731
29731
29731
29731
29731
29731
29731
29731
29731
29731
29731
29731
29731
29731
29731
29232
29232
29232
29232
29232
29232
29232
29232
29232
29232
29232
29232
29232
29232
29232
29232
28854
28854
28854
28854
28854
28854
28854
28854
28854
28854
28854
28854
28854
28854
28854
28854
28854
28854
28726
28726
28726
28401
28401
28401
28401
28401
25797
25797
25302
22541
22541
22541
22091
20005
19834
19834
117554
893289949
